<?xml version="1.0" encoding="UTF-8"?>
<testng-results ignored="0" total="1" passed="1" failed="0" skipped="0">
  <reporter-output>
  </reporter-output>
  <suite started-at="2021-04-11T02:42:23 IST" name="Surefire suite" finished-at="2021-04-11T02:42:23 IST" duration-ms="38">
    <groups>
    </groups>
    <test started-at="2021-04-11T02:42:23 IST" name="Surefire test" finished-at="2021-04-11T02:42:23 IST" duration-ms="38">
      <class name="selenium.Javaselenium.AppTest">
        <test-method signature="shouldAnswerWithTrue()" started-at="2021-04-11T02:42:23 IST" name="shouldAnswerWithTrue" finished-at="2021-04-11T02:42:23 IST" duration-ms="5" status="PASS">
          <reporter-output>
          </reporter-output>
        </test-method> <!-- shouldAnswerWithTrue -->
      </class> <!-- selenium.Javaselenium.AppTest -->
    </test> <!-- Surefire test -->
  </suite> <!-- Surefire suite -->
</testng-results>
